mmap(NULL, 8192, PROT_READ|PROT_WRITE, MAP_PRIVATE|MAP_ANONYMOUS, -1, 0) = 0x7187c8743000
openat(AT_FDCWD, "/etc/ld.so.cache", O_RDONLY|O_CLOEXEC) = 3
mmap(NULL, 65991, PROT_READ, MAP_PRIVATE, 3, 0) = 0x7187c8732000
openat(AT_FDCWD, "/lib/x86_64-linux-gnu/libc.so.6", O_RDONLY|O_CLOEXEC) = 3
read(3, "\177ELF\2\1\1\3\0\0\0\0\0\0\0\0\3\0>\0\1\0\0\0P\237\2\0\0\0\0\0"..., 832) = 832
mmap(NULL, 2264656, PROT_READ, MAP_PRIVATE|MAP_DENYWRITE, 3, 0) = 0x7187c8400000
mmap(0x7187c8428000, 1658880, PROT_READ|PROT_EXEC, MAP_PRIVATE|MAP_FIXED|MAP_DENYWRITE, 3, 0x28000) = 0x7187c8428000
mmap(0x7187c85bd000, 360448, PROT_READ, MAP_PRIVATE|MAP_FIXED|MAP_DENYWRITE, 3, 0x1bd000) = 0x7187c85bd000
mmap(0x7187c8616000, 24576, PROT_READ|PROT_WRITE, MAP_PRIVATE|MAP_FIXED|MAP_DENYWRITE, 3, 0x215000) = 0x7187c8616000
mmap(0x7187c861c000, 52816, PROT_READ|PROT_WRITE, MAP_PRIVATE|MAP_FIXED|MAP_ANONYMOUS, -1, 0) = 0x7187c861c000
mmap(NULL, 12288, PROT_READ|PROT_WRITE, MAP_PRIVATE|MAP_ANONYMOUS, -1, 0) = 0x7187c872f000
openat(AT_FDCWD, "REQ_PIPE_14118", O_RDONLY) = 3
openat(AT_FDCWD, "RESP_PIPE_14118", O_WRONLY) = 4
read(3, "\n", 1)                        = 1
read(3, "CREATE_SHM", 10)               = 10
read(3, "\345E\"\0", 4)                 = 4
openat(AT_FDCWD, "/dev/shm/qnTELAaw", O_RDWR|O_CREAT|O_NOFOLLOW|O_CLOEXEC, 0664) = 5
mmap(NULL, 2246117, PROT_READ|PROT_WRITE, MAP_SHARED, 5, 0) = 0x7187c81db000
read(3, "\10", 1)                       = 1
read(3, "MAP_FILE", 8)                  = 8
read(3, "\30", 1)                       = 1
read(3, "test_root/z9KoDhA2x6.2nj", 24) = 24
openat(AT_FDCWD, "test_root/z9KoDhA2x6.2nj", O_RDONLY) = 6
mmap(NULL, 101270, PROT_READ, MAP_SHARED, 6, 0) = 0x7187c8716000
read(3, "\36", 1)                       = 1
read(3, "READ_FROM_LOGICAL_SPACE_OFFSET", 30) = 30
read(3, "\232\1\0\0", 4)                = 4
read(3, "8\0\0\0", 4)                   = 4
mmap(NULL, 101270, PROT_READ, MAP_SHARED, 6, 0) = 0x7187c86fd000
mmap(NULL, 101270, PROT_READ, MAP_SHARED, 6, 0) = 0x7187c86e4000
read(3, "\36", 1)                       = 1
read(3, "READ_FROM_LOGICAL_SPACE_OFFSET", 30) = 30
read(3, "*K\0\0", 4)                    = 4
read(3, "v\2\0\0", 4)                   = 4
mmap(NULL, 101270, PROT_READ, MAP_SHARED, 6, 0) = 0x7187c86cb000
mmap(NULL, 101270, PROT_READ, MAP_SHARED, 6, 0) = 0x7187c86b2000
read(3, "\36", 1)                       = 1
read(3, "READ_FROM_LOGICAL_SPACE_OFFSET", 30) = 30
read(3, "\n\331\0\0", 4)                = 4
read(3, "\325\4\0\0", 4)                = 4
mmap(NULL, 101270, PROT_READ, MAP_SHARED, 6, 0) = 0x7187c8699000
mmap(NULL, 101270, PROT_READ, MAP_SHARED, 6, 0) = 0x7187c8680000
read(3, "\36", 1)                       = 1
read(3, "READ_FROM_LOGICAL_SPACE_OFFSET", 30) = 30
read(3, "\23\251\1\0", 4)               = 4
read(3, "\326\1\0\0", 4)                = 4
mmap(NULL, 101270, PROT_READ, MAP_SHARED, 6, 0) = 0x7187c8667000
mmap(NULL, 101270, PROT_READ, MAP_SHARED, 6, 0) = 0x7187c864e000
read(3, "\4", 1)                        = 1
read(3, "EXIT", 4)                      = 4
+++ exited with 0 +++
